app/admin/auditor/invoices/page.tsx(16,5): error TS2339: Property 'currentPage' does not exist on type '{ search: string; setSearch: Dispatch<SetStateAction<string>>; statusFilter: InvoiceStatusFilter; setStatusFilter: Dispatch<SetStateAction<InvoiceStatusFilter>>; sortConfig: SortConfig; handleSort: (key: keyof Invoice) => void; invoices: Invoice[]; }'.
app/admin/auditor/invoices/page.tsx(17,5): error TS2339: Property 'totalPages' does not exist on type '{ search: string; setSearch: Dispatch<SetStateAction<string>>; statusFilter: InvoiceStatusFilter; setStatusFilter: Dispatch<SetStateAction<InvoiceStatusFilter>>; sortConfig: SortConfig; handleSort: (key: keyof Invoice) => void; invoices: Invoice[]; }'.
app/admin/auditor/invoices/page.tsx(18,5): error TS2339: Property 'setCurrentPage' does not exist on type '{ search: string; setSearch: Dispatch<SetStateAction<string>>; statusFilter: InvoiceStatusFilter; setStatusFilter: Dispatch<SetStateAction<InvoiceStatusFilter>>; sortConfig: SortConfig; handleSort: (key: keyof Invoice) => void; invoices: Invoice[]; }'.
app/admin/auditor/invoices/page.tsx(20,5): error TS2339: Property 'requestSort' does not exist on type '{ search: string; setSearch: Dispatch<SetStateAction<string>>; statusFilter: InvoiceStatusFilter; setStatusFilter: Dispatch<SetStateAction<InvoiceStatusFilter>>; sortConfig: SortConfig; handleSort: (key: keyof Invoice) => void; invoices: Invoice[]; }'.
app/admin/auditor/invoices/page.tsx(21,7): error TS2554: Expected 1 arguments, but got 0.
app/admin/auditor/invoices/page.tsx(46,41): error TS7006: Parameter 'p' implicitly has an 'any' type.
app/admin/auditor/invoices/page.tsx(67,41): error TS7006: Parameter 'p' implicitly has an 'any' type.
app/admin/auditor/page.tsx(32,25): error TS2322: Type '{ _id: string; invoiceNo: string; companyName: string; date: string; totals_total: number; ai_verdict: string; ai_riskScore: number; status: string; }[]' is not assignable to type 'Invoice[]'.
  Type '{ _id: string; invoiceNo: string; companyName: string; date: string; totals_total: number; ai_verdict: string; ai_riskScore: number; status: string; }' is missing the following properties from type 'Invoice': companyOrgId, uploadedByUserId, invoiceDate, createdAt, updatedAt
app/company/manager/employees/page.tsx(35,15): error TS2322: Type '{ isOpen: boolean; onOpenChange: Dispatch<SetStateAction<boolean>>; onSubmit: () => void; }' is not assignable to type 'IntrinsicAttributes'.
  Property 'isOpen' does not exist on type 'IntrinsicAttributes'.
app/company/manager/employees/page.tsx(53,30): error TS2322: Type '{ employees: User[]; getInvoiceCount: (userId: string) => number; }' is not assignable to type 'IntrinsicAttributes'.
  Property 'employees' does not exist on type 'IntrinsicAttributes'.
components/ui/sidebar.tsx(8,29): error TS2307: Cannot find module '@/hooks/use-mobile' or its corresponding type declarations.
components/ui/toaster.tsx(3,26): error TS2307: Cannot find module '@/hooks/use-toast' or its corresponding type declarations.
components/ui/toaster.tsx(18,31): error TS7031: Binding element 'id' implicitly has an 'any' type.
components/ui/toaster.tsx(18,35): error TS7031: Binding element 'title' implicitly has an 'any' type.
components/ui/toaster.tsx(18,42): error TS7031: Binding element 'description' implicitly has an 'any' type.
components/ui/toaster.tsx(18,55): error TS7031: Binding element 'action' implicitly has an 'any' type.
hooks/invoices/use-auditor-invoices.ts(29,17): error TS18048: 'invoice.companyName' is possibly 'undefined'.
